0 info it worked if it ends with ok
1 verbose cli [ 'node', '/usr/local/bin/npm', 'install', 'http-server', '-g' ]
2 info using npm@1.4.21
3 info using node@v0.10.30
4 verbose cache add [ 'http-server', null ]
5 verbose cache add name=undefined spec="http-server" args=["http-server",null]
6 verbose parsed url { protocol: null,
6 verbose parsed url   slashes: null,
6 verbose parsed url   auth: null,
6 verbose parsed url   host: null,
6 verbose parsed url   port: null,
6 verbose parsed url   hostname: null,
6 verbose parsed url   hash: null,
6 verbose parsed url   search: null,
6 verbose parsed url   query: null,
6 verbose parsed url   pathname: 'http-server',
6 verbose parsed url   path: 'http-server',
6 verbose parsed url   href: 'http-server' }
7 silly lockFile ed608307-http-server http-server
8 verbose lock http-server /Users/zawzawaung/.npm/ed608307-http-server.lock
9 silly lockFile ed608307-http-server http-server
10 silly lockFile ed608307-http-server http-server
11 verbose addNamed [ 'http-server', '' ]
12 verbose addNamed [ null, '*' ]
13 silly lockFile 550353c6-http-server http-server@
14 verbose lock http-server@ /Users/zawzawaung/.npm/550353c6-http-server.lock
15 silly addNameRange { name: 'http-server', range: '*', hasData: false }
16 verbose request where is /http-server
17 verbose request registry https://registry.npmjs.org/
18 verbose request id 7d5f474b38a1131f
19 verbose url raw /http-server
20 verbose url resolving [ 'https://registry.npmjs.org/', './http-server' ]
21 verbose url resolved https://registry.npmjs.org/http-server
22 verbose request where is https://registry.npmjs.org/http-server
23 info trying registry request attempt 1 at 16:14:43
24 http GET https://registry.npmjs.org/http-server
25 http 200 https://registry.npmjs.org/http-server
26 silly registry.get cb [ 200,
26 silly registry.get   { server: 'CouchDB/1.5.0 (Erlang OTP/R16B03)',
26 silly registry.get     etag: '"AEFFMKQ6YTZOZGO88G9GNIM4L"',
26 silly registry.get     'content-type': 'application/json',
26 silly registry.get     'content-encoding': 'gzip',
26 silly registry.get     'cache-control': 'max-age=300',
26 silly registry.get     'content-length': '8675',
26 silly registry.get     'accept-ranges': 'bytes',
26 silly registry.get     date: 'Fri, 17 Jun 2016 08:14:45 GMT',
26 silly registry.get     via: '1.1 varnish',
26 silly registry.get     age: '201',
26 silly registry.get     connection: 'keep-alive',
26 silly registry.get     'x-served-by': 'cache-sin6924-SIN',
26 silly registry.get     'x-cache': 'HIT',
26 silly registry.get     'x-cache-hits': '1',
26 silly registry.get     'x-timer': 'S1466151285.070515,VS0,VE0',
26 silly registry.get     vary: 'Accept-Encoding' } ]
27 silly addNameRange number 2 { name: 'http-server', range: '*', hasData: true }
28 silly addNameRange versions [ 'http-server',
28 silly addNameRange   [ '0.1.0',
28 silly addNameRange     '0.1.1',
28 silly addNameRange     '0.1.3',
28 silly addNameRange     '0.2.1',
28 silly addNameRange     '0.2.2',
28 silly addNameRange     '0.2.3',
28 silly addNameRange     '0.2.4',
28 silly addNameRange     '0.2.5',
28 silly addNameRange     '0.2.6',
28 silly addNameRange     '0.2.9',
28 silly addNameRange     '0.3.0',
28 silly addNameRange     '0.4.0',
28 silly addNameRange     '0.4.1',
28 silly addNameRange     '0.5.0',
28 silly addNameRange     '0.5.1',
28 silly addNameRange     '0.5.2',
28 silly addNameRange     '0.5.3',
28 silly addNameRange     '0.5.5',
28 silly addNameRange     '0.6.0',
28 silly addNameRange     '0.6.1',
28 silly addNameRange     '0.7.0',
28 silly addNameRange     '0.7.1',
28 silly addNameRange     '0.7.2',
28 silly addNameRange     '0.7.3',
28 silly addNameRange     '0.7.4',
28 silly addNameRange     '0.7.5',
28 silly addNameRange     '0.8.0',
28 silly addNameRange     '0.8.1',
28 silly addNameRange     '0.8.2',
28 silly addNameRange     '0.8.3',
28 silly addNameRange     '0.8.4',
28 silly addNameRange     '0.8.5',
28 silly addNameRange     '0.9.0' ] ]
29 verbose addNamed [ 'http-server', '0.9.0' ]
30 verbose addNamed [ '0.9.0', '0.9.0' ]
31 silly lockFile ccc85818-http-server-0-9-0 http-server@0.9.0
32 verbose lock http-server@0.9.0 /Users/zawzawaung/.npm/ccc85818-http-server-0-9-0.lock
33 silly lockFile 8fc931e5-ttp-server-http-server-0-9-0-tgz https://registry.npmjs.org/http-server/-/http-server-0.9.0.tgz
34 verbose lock https://registry.npmjs.org/http-server/-/http-server-0.9.0.tgz /Users/zawzawaung/.npm/8fc931e5-ttp-server-http-server-0-9-0-tgz.lock
35 verbose addRemoteTarball [ 'https://registry.npmjs.org/http-server/-/http-server-0.9.0.tgz',
35 verbose addRemoteTarball   '8f1b06bdc733618d4dc42831c7ba1aff4e06001a' ]
36 info retry fetch attempt 1 at 16:14:45
37 verbose fetch to= /var/folders/3j/rkgfs28j2h3d9zgc810sxqvm0000gn/T/npm-5075-AQA2UlNc/registry.npmjs.org/http-server/-/http-server-0.9.0.tgz
38 http GET https://registry.npmjs.org/http-server/-/http-server-0.9.0.tgz
39 http 200 https://registry.npmjs.org/http-server/-/http-server-0.9.0.tgz
40 silly lockFile 8fc931e5-ttp-server-http-server-0-9-0-tgz https://registry.npmjs.org/http-server/-/http-server-0.9.0.tgz
41 silly lockFile 8fc931e5-ttp-server-http-server-0-9-0-tgz https://registry.npmjs.org/http-server/-/http-server-0.9.0.tgz
42 silly lockFile ccc85818-http-server-0-9-0 http-server@0.9.0
43 silly lockFile ccc85818-http-server-0-9-0 http-server@0.9.0
44 silly lockFile 550353c6-http-server http-server@
45 silly lockFile 550353c6-http-server http-server@
46 silly resolved [ { name: 'http-server',
46 silly resolved     version: '0.9.0',
46 silly resolved     description: 'A simple zero-configuration command-line http server',
46 silly resolved     main: './lib/http-server',
46 silly resolved     repository:
46 silly resolved      { type: 'git',
46 silly resolved        url: 'git://github.com/indexzero/http-server.git' },
46 silly resolved     keywords: [ 'cli', 'command' ],
46 silly resolved     scripts:
46 silly resolved      { start: 'node ./bin/http-server',
46 silly resolved        pretest: 'common bin/http-server lib/ test',
46 silly resolved        test: 'vows --spec --isolate' },
46 silly resolved     contributors:
46 silly resolved      [ [Object],
46 silly resolved        [Object],
46 silly resolved        [Object],
46 silly resolved        [Object],
46 silly resolved        [Object],
46 silly resolved        [Object],
46 silly resolved        [Object],
46 silly resolved        [Object],
46 silly resolved        [Object],
46 silly resolved        [Object] ],
46 silly resolved     dependencies:
46 silly resolved      { colors: '1.0.3',
46 silly resolved        corser: '~2.0.0',
46 silly resolved        ecstatic: '^1.4.0',
46 silly resolved        'http-proxy': '^1.8.1',
46 silly resolved        opener: '~1.4.0',
46 silly resolved        optimist: '0.6.x',
46 silly resolved        portfinder: '0.4.x',
46 silly resolved        union: '~0.4.3' },
46 silly resolved     devDependencies: { 'common-style': '^3.0.0', request: '2.49.x', vows: '0.7.x' },
46 silly resolved     bugs: { url: 'https://github.com/nodeapps/http-server/issues' },
46 silly resolved     license: 'MIT',
46 silly resolved     preferGlobal: 'true',
46 silly resolved     bin: { 'http-server': './bin/http-server', hs: './bin/http-server' },
46 silly resolved     gitHead: '1a8552c5e028bd5500027ee940111133927a4e94',
46 silly resolved     homepage: 'https://github.com/indexzero/http-server#readme',
46 silly resolved     _id: 'http-server@0.9.0',
46 silly resolved     _shasum: '8f1b06bdc733618d4dc42831c7ba1aff4e06001a',
46 silly resolved     _from: 'http-server@',
46 silly resolved     _npmVersion: '3.7.1',
46 silly resolved     _nodeVersion: '4.2.2',
46 silly resolved     _npmUser: { name: 'indexzero', email: 'charlie.robbins@gmail.com' },
46 silly resolved     maintainers: [ [Object] ],
46 silly resolved     dist:
46 silly resolved      { shasum: '8f1b06bdc733618d4dc42831c7ba1aff4e06001a',
46 silly resolved        tarball: 'https://registry.npmjs.org/http-server/-/http-server-0.9.0.tgz' },
46 silly resolved     _npmOperationalInternal:
46 silly resolved      { host: 'packages-6-west.internal.npmjs.com',
46 silly resolved        tmp: 'tmp/http-server-0.9.0.tgz_1455864708425_0.19514421350322664' },
46 silly resolved     directories: {},
46 silly resolved     _resolved: 'https://registry.npmjs.org/http-server/-/http-server-0.9.0.tgz' } ]
47 info install http-server@0.9.0 into /usr/local/lib
48 info installOne http-server@0.9.0
49 verbose lib/node_modules/http-server unbuild
50 verbose tar unpack /Users/zawzawaung/.npm/http-server/0.9.0/package.tgz
51 silly lockFile c2cc12bc-cal-lib-node-modules-http-server tar:///usr/local/lib/node_modules/http-server
52 verbose lock tar:///usr/local/lib/node_modules/http-server /Users/zawzawaung/.npm/c2cc12bc-cal-lib-node-modules-http-server.lock
53 silly lockFile 7ab3a095-pm-http-server-0-9-0-package-tgz tar:///Users/zawzawaung/.npm/http-server/0.9.0/package.tgz
54 verbose lock tar:///Users/zawzawaung/.npm/http-server/0.9.0/package.tgz /Users/zawzawaung/.npm/7ab3a095-pm-http-server-0-9-0-package-tgz.lock
55 silly gunzTarPerm modes [ '755', '644' ]
56 error Error: EACCES, mkdir '/usr/local/lib/node_modules/http-server'
56 error  { [Error: EACCES, mkdir '/usr/local/lib/node_modules/http-server']
56 error   errno: 3,
56 error   code: 'EACCES',
56 error   path: '/usr/local/lib/node_modules/http-server',
56 error   fstream_type: 'Directory',
56 error   fstream_path: '/usr/local/lib/node_modules/http-server',
56 error   fstream_class: 'DirWriter',
56 error   fstream_stack:
56 error    [ '/usr/local/lib/node_modules/npm/node_modules/fstream/lib/dir-writer.js:36:23',
56 error      '/usr/local/lib/node_modules/npm/node_modules/mkdirp/index.js:37:53',
56 error      'Object.oncomplete (fs.js:107:15)' ] }
57 error Please try running this command again as root/Administrator.
58 error System Darwin 15.5.0
59 error command "node" "/usr/local/bin/npm" "install" "http-server" "-g"
60 error cwd /Applications/MAMP/htdocs/offshore
61 error node -v v0.10.30
62 error npm -v 1.4.21
63 error path /usr/local/lib/node_modules/http-server
64 error fstream_path /usr/local/lib/node_modules/http-server
65 error fstream_type Directory
66 error fstream_class DirWriter
67 error code EACCES
68 error errno 3
69 error stack Error: EACCES, mkdir '/usr/local/lib/node_modules/http-server'
70 error fstream_stack /usr/local/lib/node_modules/npm/node_modules/fstream/lib/dir-writer.js:36:23
70 error fstream_stack /usr/local/lib/node_modules/npm/node_modules/mkdirp/index.js:37:53
70 error fstream_stack Object.oncomplete (fs.js:107:15)
71 verbose exit [ 3, true ]
